[2022-07-24 13:59:57.930] [sharedprocess] [info] Starting worker process with pid 4313 (type: fileWatcher, window: 1).
[2022-07-24 14:00:11.724] [sharedprocess] [info] Worker process with pid 4313 terminated normally (type: fileWatcher, window: 1).
[2022-07-24 14:00:13.426] [sharedprocess] [info] Starting worker process with pid 4403 (type: fileWatcher, window: 1).
[2022-07-24 14:02:55.692] [sharedprocess] [info] Getting Manifest... ms-vscode.cpptools
[2022-07-24 14:02:55.717] [sharedprocess] [info] Installing extension: ms-vscode.cpptools
[2022-07-24 14:03:01.355] [sharedprocess] [info] Getting Manifest... danielpinto8zz6.c-cpp-compile-run
[2022-07-24 14:03:01.385] [sharedprocess] [info] Installing extension: danielpinto8zz6.c-cpp-compile-run
[2022-07-24 14:03:40.294] [sharedprocess] [info] Downloaded extension: danielpinto8zz6.c-cpp-compile-run /home/andre/.config/VSCodium/CachedExtensionVSIXs/danielpinto8zz6.c-cpp-compile-run-1.0.15
[2022-07-24 14:03:40.740] [sharedprocess] [info] Extracted extension to /home/andre/.vscode-oss/extensions/.17b950cc-8953-40f7-95d7-69f3a0394110: danielpinto8zz6.c-cpp-compile-run
[2022-07-24 14:03:41.119] [sharedprocess] [info] Renamed to /home/andre/.vscode-oss/extensions/danielpinto8zz6.c-cpp-compile-run-1.0.15
[2022-07-24 14:03:41.123] [sharedprocess] [info] Extracting completed. danielpinto8zz6.c-cpp-compile-run
[2022-07-24 14:03:41.127] [sharedprocess] [info] Extension installed successfully: danielpinto8zz6.c-cpp-compile-run
[2022-07-24 14:09:15.347] [sharedprocess] [info] Worker process with pid 4403 terminated normally (type: fileWatcher, window: 1).
[2022-07-24 14:09:17.385] [sharedprocess] [info] Starting worker process with pid 5888 (type: fileWatcher, window: 1).
[2022-07-24 14:35:19.086] [sharedprocess] [error] RequestService#request (browser) - error https://ms-vscode.gallery.vsassets.io/_apis/public/gallery/publisher/ms-vscode/extension/cpptools/1.11.4/assetbyname/Microsoft.VisualStudio.Services.VSIXPackage?redirect=true&targetPlatform=linux-x64&install=true {}
[2022-07-24 15:08:27.392] [sharedprocess] [error] RequestService#request (browser) - error https://ms-vscode.gallery.vsassets.io/_apis/public/gallery/publisher/ms-vscode/extension/cpptools/1.11.4/assetbyname/Microsoft.VisualStudio.Services.VSIXPackage?targetPlatform=linux-x64&install=true {}
[2022-07-24 15:08:27.394] [sharedprocess] [error] Error while installing the extension: ms-vscode.cpptools
[2022-07-24 15:08:27.395] [sharedprocess] [error] Failed to install extension. ms-vscode.cpptools
[2022-07-24 15:08:27.395] [sharedprocess] [error] Download: XHR failed
    at te.downloadExtension (vscode-file://vscode-app/opt/vscodium-bin/resources/app/out/vs/code/electron-browser/sharedProcess/sharedProcessMain.js:78:215463)
    at async te.doRun (vscode-file://vscode-app/opt/vscodium-bin/resources/app/out/vs/code/electron-browser/sharedProcess/sharedProcessMain.js:78:214594)
