[2022-07-24T19:00:16.610Z] Log level: Info
[2022-07-24T19:00:16.611Z] [info] Validating found git in: git
[2022-07-24T19:00:16.647Z] [info] Using git 2.37.1 from git
[2022-07-24T19:00:16.686Z] > git rev-parse --show-toplevel [3ms]
[2022-07-24T19:00:16.722Z] > git rev-parse --git-dir --git-common-dir [8ms]
[2022-07-24T19:00:16.747Z] [info] Open repository: /home/andre/Suckless/dwm
[2022-07-24T19:00:16.852Z] > git status -z -uall [87ms]
[2022-07-24T19:00:16.875Z] > git symbolic-ref --short HEAD [10ms]
[2022-07-24T19:00:16.896Z] > git for-each-ref --format=%(refname)%00%(upstream:short)%00%(objectname)%00%(upstream:track)%00%(upstream:remotename)%00%(upstream:remoteref) refs/heads/main refs/remotes/main [1ms]
[2022-07-24T19:00:16.930Z] > git remote --verbose [17ms]
[2022-07-24T19:00:16.931Z] > git for-each-ref --sort -committerdate --format %(refname) %(objectname) %(*objectname) [28ms]
[2022-07-24T19:00:16.977Z] > git config --get commit.template [18ms]
[2022-07-24T19:00:17.011Z] > git status -z -uall [20ms]
[2022-07-24T19:00:17.023Z] > git symbolic-ref --short HEAD [3ms]
[2022-07-24T19:00:17.039Z] > git for-each-ref --format=%(refname)%00%(upstream:short)%00%(objectname)%00%(upstream:track)%00%(upstream:remotename)%00%(upstream:remoteref) refs/heads/main refs/remotes/main [2ms]
[2022-07-24T19:00:17.078Z] > git for-each-ref --sort -committerdate --format %(refname) %(objectname) %(*objectname) [31ms]
[2022-07-24T19:00:17.079Z] > git remote --verbose [18ms]
[2022-07-24T19:00:17.096Z] > git config --get commit.template [5ms]
[2022-07-24T19:00:17.359Z] > git check-ignore -v -z --stdin [5ms]
[2022-07-24T19:00:20.647Z] > git show --textconv :drw.c [16ms]
[2022-07-24T19:00:20.648Z] > git ls-files --stage -- /home/andre/Suckless/dwm/drw.c [2ms]
[2022-07-24T19:00:20.675Z] > git cat-file -s 4cdbcbe51c2945f1f9be817e910f0331e1f1ea64 [8ms]
[2022-07-24T19:03:19.572Z] > git show --textconv :config.h [114ms]
[2022-07-24T19:03:19.572Z] > git ls-files --stage -- /home/andre/Suckless/dwm/config.h [7ms]
[2022-07-24T19:03:19.661Z] > git cat-file -s 4596e2d7d9ced4f2cf5a3f125d79a999f68b25df [28ms]
[2022-07-24T19:03:56.871Z] > git status -z -uall [21ms]
[2022-07-24T19:03:56.887Z] > git symbolic-ref --short HEAD [3ms]
[2022-07-24T19:03:56.913Z] > git for-each-ref --format=%(refname)%00%(upstream:short)%00%(objectname)%00%(upstream:track)%00%(upstream:remotename)%00%(upstream:remoteref) refs/heads/main refs/remotes/main [6ms]
[2022-07-24T19:03:56.956Z] > git for-each-ref --sort -committerdate --format %(refname) %(objectname) %(*objectname) [20ms]
[2022-07-24T19:03:56.957Z] > git remote --verbose [7ms]
[2022-07-24T19:03:56.990Z] > git config --get commit.template [7ms]
[2022-07-24T19:04:02.019Z] > git status -z -uall [20ms]
[2022-07-24T19:04:02.033Z] > git symbolic-ref --short HEAD [1ms]
[2022-07-24T19:04:02.055Z] > git for-each-ref --format=%(refname)%00%(upstream:short)%00%(objectname)%00%(upstream:track)%00%(upstream:remotename)%00%(upstream:remoteref) refs/heads/main refs/remotes/main [6ms]
[2022-07-24T19:04:02.085Z] > git for-each-ref --sort -committerdate --format %(refname) %(objectname) %(*objectname) [20ms]
[2022-07-24T19:04:02.087Z] > git remote --verbose [3ms]
[2022-07-24T19:04:02.118Z] > git config --get commit.template [9ms]
[2022-07-24T19:06:52.389Z] > git show --textconv :config.mk [75ms]
[2022-07-24T19:06:52.393Z] > git ls-files --stage -- /home/andre/Suckless/dwm/config.mk [11ms]
[2022-07-24T19:06:52.418Z] > git cat-file -s b6eb7e03ff326fc6e478f92d8937017b8df489ac [4ms]
[2022-07-24T19:06:54.466Z] > git show --textconv :config.h [26ms]
[2022-07-24T19:06:54.468Z] > git ls-files --stage -- /home/andre/Suckless/dwm/config.h [3ms]
[2022-07-24T19:06:54.483Z] > git cat-file -s 4596e2d7d9ced4f2cf5a3f125d79a999f68b25df [4ms]
[2022-07-24T19:08:05.535Z] > git ls-files --stage -- /home/andre/Suckless/dwm/drw.c [2ms]
[2022-07-24T19:08:05.542Z] > git show --textconv :drw.c [38ms]
[2022-07-24T19:08:05.544Z] > git cat-file -s 4cdbcbe51c2945f1f9be817e910f0331e1f1ea64 [2ms]
[2022-07-24T19:08:17.982Z] > git show --textconv :drw.c [7ms]
[2022-07-24T19:08:17.982Z] > git ls-files --stage -- /home/andre/Suckless/dwm/drw.c [1ms]
[2022-07-24T19:08:17.988Z] > git cat-file -s 4cdbcbe51c2945f1f9be817e910f0331e1f1ea64 [1ms]
