[2022-07-24T19:09:20.226Z] Log level: Info
[2022-07-24T19:09:20.231Z] [info] Validating found git in: git
[2022-07-24T19:09:20.249Z] [info] Using git 2.37.1 from git
[2022-07-24T19:09:20.280Z] > git rev-parse --show-toplevel [10ms]
[2022-07-24T19:09:20.280Z] fatal: not a git repository (or any parent up to mount point /)
Stopping at filesystem boundary (GIT_DISCOVERY_ACROSS_FILESYSTEM not set).
[2022-07-24T19:09:35.863Z] > git rev-parse --show-toplevel [26ms]
[2022-07-24T19:09:35.863Z] fatal: not a git repository (or any parent up to mount point /)
Stopping at filesystem boundary (GIT_DISCOVERY_ACROSS_FILESYSTEM not set).
[2022-07-24T19:13:30.054Z] > git rev-parse --show-toplevel [378ms]
[2022-07-24T19:13:30.055Z] fatal: not a git repository (or any parent up to mount point /)
Stopping at filesystem boundary (GIT_DISCOVERY_ACROSS_FILESYSTEM not set).
[2022-07-24T19:13:30.154Z] > git rev-parse --show-toplevel [34ms]
[2022-07-24T19:13:30.154Z] fatal: not a git repository (or any parent up to mount point /)
Stopping at filesystem boundary (GIT_DISCOVERY_ACROSS_FILESYSTEM not set).
[2022-07-24T19:14:13.677Z] > git rev-parse --show-toplevel [1ms]
[2022-07-24T19:14:13.677Z] fatal: not a git repository (or any parent up to mount point /)
Stopping at filesystem boundary (GIT_DISCOVERY_ACROSS_FILESYSTEM not set).
[2022-07-24T19:14:48.432Z] > git rev-parse --show-toplevel [11ms]
[2022-07-24T19:14:48.432Z] fatal: not a git repository (or any parent up to mount point /)
Stopping at filesystem boundary (GIT_DISCOVERY_ACROSS_FILESYSTEM not set).
