[2022-08-02 16:24:37.354] [exthost] [info] Extension host with pid 7009 started
[2022-08-02 16:24:37.517] [exthost] [info] ExtensionService#_doActivateExtension vscode.microsoft-authentication, startup: false, activationEvent: 'onAuthenticationRequest:microsoft'
[2022-08-02 16:24:37.576] [exthost] [info] ExtensionService#_doActivateExtension vscode.debug-auto-launch, startup: true, activationEvent: '*'
[2022-08-02 16:24:37.599] [exthost] [info] ExtensionService#_doActivateExtension vscode.git-base, startup: true, activationEvent: '*', root cause: vscode.git
[2022-08-02 16:24:37.612] [exthost] [info] ExtensionService#_doActivateExtension vscode.ipynb, startup: true, activationEvent: '*'
[2022-08-02 16:24:37.662] [exthost] [info] ExtensionService#_doActivateExtension redwan-hossain.auto-rename-tag-clone, startup: true, activationEvent: '*'
[2022-08-02 16:24:37.737] [exthost] [info] ExtensionService#_doActivateExtension yandeu.five-server, startup: true, activationEvent: '*'
[2022-08-02 16:24:37.995] [exthost] [info] ExtensionService#_doActivateExtension vscode.git, startup: true, activationEvent: '*'
[2022-08-02 16:24:38.149] [exthost] [info] ExtensionService#_doActivateExtension vscode.github, startup: true, activationEvent: '*'
[2022-08-02 16:24:38.624] [exthost] [info] Eager extensions activated
[2022-08-02 16:24:38.680] [exthost] [info] ExtensionService#_doActivateExtension vscode.emmet, startup: false, activationEvent: 'onStartupFinished'
[2022-08-02 16:24:38.727] [exthost] [info] ExtensionService#_doActivateExtension vscode.merge-conflict, startup: false, activationEvent: 'onStartupFinished'
[2022-08-02 16:24:38.745] [exthost] [info] ExtensionService#_doActivateExtension Equinusocio.vsc-material-theme, startup: false, activationEvent: 'onStartupFinished'
[2022-08-02 16:24:38.875] [exthost] [info] ExtensionService#_doActivateExtension equinusocio.vsc-material-theme-icons, startup: false, activationEvent: 'onStartupFinished'
[2022-08-02 16:24:39.236] [exthost] [info] ExtensionService#_doActivateExtension esbenp.prettier-vscode, startup: false, activationEvent: 'onStartupFinished'
[2022-08-02 16:24:39.448] [exthost] [info] ExtensionService#_doActivateExtension PKief.material-icon-theme, startup: false, activationEvent: 'onStartupFinished'
[2022-08-02 16:24:39.506] [exthost] [info] ExtensionService#_doActivateExtension ritwickdey.LiveServer, startup: false, activationEvent: 'onStartupFinished'
[2022-08-02 16:24:40.892] [exthost] [info] ExtensionService#_doActivateExtension vscode.github-authentication, startup: false, activationEvent: 'onAuthenticationRequest:github'
[2022-08-02 16:25:13.998] [exthost] [info] Extension host terminating: received terminate message from renderer
[2022-08-02 16:25:14.013] [exthost] [info] Extension host with pid 7009 exiting with code 0
